$18 = {0x5c, 0xde, 0x28, 0x29, 0xc0, 0xa8, 0x1, 0xf1, 0x0, 0x6, 0x1, 0x53, 0x0, 
  0x50, 0xc4, 0xda, 0x12, 0xf9, 0x88, 0xac, 0xc5, 0x81, 0xf9, 0xf, 0x50, 0x18, 
  0x0, 0x93, 0x48, 0xd2, 0x0, 0x0, 0x48, 0x54, 0x54, 0x50, 0x2f, 0x31, 0x2e, 
  0x31, 0x20, 0x32, 0x30, 0x34, 0x20, 0x4e, 0x6f, 0x20, 0x52, 0x65, 0x73, 0x70, 
  0x6f, 0x6e, 0x73, 0x65, 0xd, 0xa, 0x53, 0x65, 0x72, 0x76, 0x65, 0x72, 0x3a, 
  0x20, 0x6e, 0x67, 0x69, 0x6e, 0x78, 0xd, 0xa, 0x44, 0x61, 0x74, 0x65, 0x3a, 
  0x20, 0x53, 0x61, 0x74, 0x2c, 0x20, 0x32, 0x36, 0x20, 0x4d, 0x61, 0x72, 0x20, 
  0x32, 0x30, 0x31, 0x36, 0x20, 0x32, 0x31, 0x3a, 0x31, 0x35, 0x3a, 0x34, 0x36, 
  0x20, 0x47, 0x4d, 0x54, 0xd, 0xa, 0x43, 0x6f, 0x6e, 0x74, 0x65, 0x6e, 0x74, 
  0x2d, 0x54, 0x79, 0x70, 0x65, 0x3a, 0x20, 0x74, 0x65, 0x78, 0x74, 0x2f, 0x68, 
  0x74, 0x6d, 0x6c, 0x3b, 0x20, 0x63, 0x68, 0x61, 0x72, 0x73, 0x65, 0x74, 0x3d, 
  0x55, 0x54, 0x46, 0x2d, 0x38, 0xd, 0xa, 0x43, 0x6f, 0x6e, 0x6e, 0x65, 0x63, 
  0x74, 0x69, 0x6f, 0x6e, 0x3a, 0x20, 0x6b, 0x65, 0x65, 0x70, 0x2d, 0x61, 0x6c, 
  0x69, 0x76, 0x65, 0xd, 0xa, 0x50, 0x33, 0x50, 0x3a, 0x20, 0x43, 0x50, 0x3d, 
  0x27, 0x4f, 0x54, 0x49, 0x20, 0x44, 0x53, 0x50, 0x20, 0x43, 0x4f, 0x52, 0x20, 
  0x4e, 0x49, 0x44, 0x20, 0x53}
(gdb) print/x *((uint8_t*)addr+200)@151
$19 = {0x54, 0x50, 0x20, 0x55, 0x4e, 0x49, 0x20, 0x4f, 0x54, 0x50, 0x61, 0x20, 
  0x4f, 0x55, 0x52, 0x27, 0xd, 0xa, 0x53, 0x65, 0x74, 0x2d, 0x43, 0x6f, 0x6f, 
  0x6b, 0x69, 0x65, 0x3a, 0x20, 0x5f, 0x70, 0x6b, 0x5f, 0x75, 0x69, 0x64, 0x3d, 
  0x64, 0x65, 0x6c, 0x65, 0x74, 0x65, 0x64, 0x3b, 0x20, 0x65, 0x78, 0x70, 0x69, 
  0x72, 0x65, 0x73, 0x3d, 0x46, 0x72, 0x69, 0x2c, 0x20, 0x32, 0x37, 0x2d, 0x4d, 
  0x61, 0x72, 0x2d, 0x32, 0x30, 0x31, 0x35, 0x20, 0x32, 0x31, 0x3a, 0x31, 0x35, 
  0x3a, 0x34, 0x35, 0x20, 0x47, 0x4d, 0x54, 0xd, 0xa, 0x54, 0x6b, 0x3a, 0x20, 
  0x31, 0xd, 0xa, 0x58, 0x2d, 0x46, 0x72, 0x61, 0x6d, 0x65, 0x2d, 0x4f, 0x70, 
  0x74, 0x69, 0x6f, 0x6e, 0x73, 0x3a, 0x20, 0x44, 0x45, 0x4e, 0x59, 0xd, 0xa, 
  0x58, 0x2d, 0x43, 0x6f, 0x6e, 0x74, 0x65, 0x6e, 0x74, 0x2d, 0x54, 0x79, 0x70, 
  0x65, 0x2d, 0x4f, 0x70, 0x74, 0x69, 0x6f, 0x6e, 0x73, 0x3a, 0x20, 0x6e, 0x6f, 
  0x73, 0x6e, 0x69, 0x66, 0x66, 0xd, 0xa, 0xd, 0xa}

